[2026-03-10T16:50:01.695+0000] {taskinstance.py:1979} INFO - Dependencies all met for dep_context=non-requeueable deps ti=<TaskInstance: 3_weather_spark_transform.run_spark_transform scheduled__2026-03-09T16:50:00+00:00 [queued]>
[2026-03-10T16:50:01.700+0000] {taskinstance.py:1979} INFO - Dependencies all met for dep_context=requeueable deps ti=<TaskInstance: 3_weather_spark_transform.run_spark_transform scheduled__2026-03-09T16:50:00+00:00 [queued]>
[2026-03-10T16:50:01.700+0000] {taskinstance.py:2193} INFO - Starting attempt 1 of 3
[2026-03-10T16:50:01.710+0000] {taskinstance.py:2214} INFO - Executing <Task(BashOperator): run_spark_transform> on 2026-03-09 16:50:00+00:00
[2026-03-10T16:50:01.716+0000] {standard_task_runner.py:60} INFO - Started process 644 to run task
[2026-03-10T16:50:01.720+0000] {standard_task_runner.py:87} INFO - Running: ['***', 'tasks', 'run', '3_weather_spark_transform', 'run_spark_transform', 'scheduled__2026-03-09T16:50:00+00:00', '--job-id', '26', '--raw', '--subdir', 'DAGS_FOLDER/weather_forecast_dag.py', '--cfg-path', '/tmp/tmpp0xyn_ci']
[2026-03-10T16:50:01.722+0000] {standard_task_runner.py:88} INFO - Job 26: Subtask run_spark_transform
[2026-03-10T16:50:01.764+0000] {task_command.py:423} INFO - Running <TaskInstance: 3_weather_spark_transform.run_spark_transform scheduled__2026-03-09T16:50:00+00:00 [running]> on host 5149837eb9b3
[2026-03-10T16:50:01.817+0000] {taskinstance.py:2510} INFO - Exporting env vars: AIRFLOW_CTX_DAG_OWNER='duc1808' AIRFLOW_CTX_DAG_ID='3_weather_spark_transform' AIRFLOW_CTX_TASK_ID='run_spark_transform' AIRFLOW_CTX_EXECUTION_DATE='2026-03-09T16:50:00+00:00' AIRFLOW_CTX_TRY_NUMBER='1' AIRFLOW_CTX_DAG_RUN_ID='scheduled__2026-03-09T16:50:00+00:00'
[2026-03-10T16:50:01.819+0000] {subprocess.py:63} INFO - Tmp dir root location: /tmp
[2026-03-10T16:50:01.820+0000] {subprocess.py:75} INFO - Running command: ['/usr/bin/bash', '-c', 'python3 /opt/***/scripts/transform.py']
[2026-03-10T16:50:01.831+0000] {subprocess.py:86} INFO - Output:
[2026-03-10T16:50:01.850+0000] {subprocess.py:93} INFO - python3: can't open file '/opt/***/scripts/transform.py': [Errno 2] No such file or directory
[2026-03-10T16:50:01.852+0000] {subprocess.py:97} INFO - Command exited with return code 2
[2026-03-10T16:50:01.859+0000] {taskinstance.py:2728} ERROR - Task failed with exception
Traceback (most recent call last):
  File "/home/airflow/.local/lib/python3.8/site-packages/airflow/models/taskinstance.py", line 444, in _execute_task
    result = _execute_callable(context=context, **execute_callable_kwargs)
  File "/home/airflow/.local/lib/python3.8/site-packages/airflow/models/taskinstance.py", line 414, in _execute_callable
    return execute_callable(context=context, **execute_callable_kwargs)
  File "/home/airflow/.local/lib/python3.8/site-packages/airflow/operators/bash.py", line 212, in execute
    raise AirflowException(
airflow.exceptions.AirflowException: Bash command failed. The command returned a non-zero exit code 2.
[2026-03-10T16:50:01.862+0000] {taskinstance.py:1149} INFO - Marking task as UP_FOR_RETRY. dag_id=3_weather_spark_transform, task_id=run_spark_transform, execution_date=20260309T165000, start_date=20260310T165001, end_date=20260310T165001
[2026-03-10T16:50:01.874+0000] {standard_task_runner.py:107} ERROR - Failed to execute job 26 for task run_spark_transform (Bash command failed. The command returned a non-zero exit code 2.; 644)
[2026-03-10T16:50:01.894+0000] {local_task_job_runner.py:234} INFO - Task exited with return code 1
[2026-03-10T16:50:01.905+0000] {taskinstance.py:3309} INFO - 0 downstream tasks scheduled from follow-on schedule check
