[2026-03-12T09:05:00.997+0000] {taskinstance.py:1979} INFO - Dependencies all met for dep_context=non-requeueable deps ti=<TaskInstance: 2_weather_collect_actual.collect_actual_data scheduled__2026-03-12T06:05:00+00:00 [queued]>
[2026-03-12T09:05:01.002+0000] {taskinstance.py:1979} INFO - Dependencies all met for dep_context=requeueable deps ti=<TaskInstance: 2_weather_collect_actual.collect_actual_data scheduled__2026-03-12T06:05:00+00:00 [queued]>
[2026-03-12T09:05:01.002+0000] {taskinstance.py:2193} INFO - Starting attempt 1 of 3
[2026-03-12T09:05:01.013+0000] {taskinstance.py:2214} INFO - Executing <Task(BashOperator): collect_actual_data> on 2026-03-12 06:05:00+00:00
[2026-03-12T09:05:01.019+0000] {standard_task_runner.py:60} INFO - Started process 36536 to run task
[2026-03-12T09:05:01.023+0000] {standard_task_runner.py:87} INFO - Running: ['***', 'tasks', 'run', '2_weather_collect_actual', 'collect_actual_data', 'scheduled__2026-03-12T06:05:00+00:00', '--job-id', '69', '--raw', '--subdir', 'DAGS_FOLDER/weather_forecast_dag.py', '--cfg-path', '/tmp/tmpjzoq8ev2']
[2026-03-12T09:05:01.025+0000] {standard_task_runner.py:88} INFO - Job 69: Subtask collect_actual_data
[2026-03-12T09:05:01.064+0000] {task_command.py:423} INFO - Running <TaskInstance: 2_weather_collect_actual.collect_actual_data scheduled__2026-03-12T06:05:00+00:00 [running]> on host 895e1d6fbe1c
[2026-03-12T09:05:01.122+0000] {taskinstance.py:2510} INFO - Exporting env vars: AIRFLOW_CTX_DAG_OWNER='duc1808' AIRFLOW_CTX_DAG_ID='2_weather_collect_actual' AIRFLOW_CTX_TASK_ID='collect_actual_data' AIRFLOW_CTX_EXECUTION_DATE='2026-03-12T06:05:00+00:00' AIRFLOW_CTX_TRY_NUMBER='1' AIRFLOW_CTX_DAG_RUN_ID='scheduled__2026-03-12T06:05:00+00:00'
[2026-03-12T09:05:01.125+0000] {subprocess.py:63} INFO - Tmp dir root location: /tmp
[2026-03-12T09:05:01.125+0000] {subprocess.py:75} INFO - Running command: ['/usr/bin/bash', '-c', 'python3 /opt/***/scripts/collect_actual_data.py']
[2026-03-12T09:05:01.136+0000] {subprocess.py:86} INFO - Output:
[2026-03-12T09:05:01.896+0000] {subprocess.py:93} INFO - Gọi API thời tiết hiện tại cho CITY_ID=1566083
[2026-03-12T09:05:01.896+0000] {subprocess.py:93} INFO - 
[2026-03-12T09:05:01.896+0000] {subprocess.py:93} INFO - Status code: 200
[2026-03-12T09:05:01.896+0000] {subprocess.py:93} INFO -  CityID            DateTime  Temperature  Humidity Description  WindSpeed  WindDirection  CloudRate  RainOneHour             SunRise              SunSet
[2026-03-12T09:05:01.897+0000] {subprocess.py:93} INFO - 1566083 2026-03-12 16:00:00        31.01        58  light rain       5.14            190         40            1 2026-03-12 06:02:33 2026-03-12 18:04:04
[2026-03-12T09:05:01.897+0000] {subprocess.py:93} INFO - 
[2026-03-12T09:05:01.897+0000] {subprocess.py:93} INFO - [+] Đã xuất file local tại: /opt/***/data/raw_actual_20260312_160501.parquet
[2026-03-12T09:05:01.952+0000] {subprocess.py:97} INFO - Command exited with return code 0
[2026-03-12T09:05:01.981+0000] {taskinstance.py:1149} INFO - Marking task as SUCCESS. dag_id=2_weather_collect_actual, task_id=collect_actual_data, execution_date=20260312T060500, start_date=20260312T090500, end_date=20260312T090501
[2026-03-12T09:05:02.043+0000] {local_task_job_runner.py:234} INFO - Task exited with return code 0
[2026-03-12T09:05:02.055+0000] {taskinstance.py:3309} INFO - 0 downstream tasks scheduled from follow-on schedule check
