[2026-03-10T15:40:53.814+0000] {taskinstance.py:1979} INFO - Dependencies all met for dep_context=non-requeueable deps ti=<TaskInstance: 2_weather_collect_actual.collect_actual_data scheduled__2026-03-10T12:05:00+00:00 [queued]>
[2026-03-10T15:40:53.828+0000] {taskinstance.py:1979} INFO - Dependencies all met for dep_context=requeueable deps ti=<TaskInstance: 2_weather_collect_actual.collect_actual_data scheduled__2026-03-10T12:05:00+00:00 [queued]>
[2026-03-10T15:40:53.830+0000] {taskinstance.py:2193} INFO - Starting attempt 1 of 3
[2026-03-10T15:40:53.857+0000] {taskinstance.py:2214} INFO - Executing <Task(BashOperator): collect_actual_data> on 2026-03-10 12:05:00+00:00
[2026-03-10T15:40:53.869+0000] {standard_task_runner.py:60} INFO - Started process 555 to run task
[2026-03-10T15:40:53.880+0000] {standard_task_runner.py:87} INFO - Running: ['***', 'tasks', 'run', '2_weather_collect_actual', 'collect_actual_data', 'scheduled__2026-03-10T12:05:00+00:00', '--job-id', '4', '--raw', '--subdir', 'DAGS_FOLDER/weather_forecast_dag.py', '--cfg-path', '/tmp/tmp1y2sn6bn']
[2026-03-10T15:40:53.885+0000] {standard_task_runner.py:88} INFO - Job 4: Subtask collect_actual_data
[2026-03-10T15:40:53.982+0000] {task_command.py:423} INFO - Running <TaskInstance: 2_weather_collect_actual.collect_actual_data scheduled__2026-03-10T12:05:00+00:00 [running]> on host 076553794cf2
[2026-03-10T15:40:54.131+0000] {taskinstance.py:2510} INFO - Exporting env vars: AIRFLOW_CTX_DAG_OWNER='duc1808' AIRFLOW_CTX_DAG_ID='2_weather_collect_actual' AIRFLOW_CTX_TASK_ID='collect_actual_data' AIRFLOW_CTX_EXECUTION_DATE='2026-03-10T12:05:00+00:00' AIRFLOW_CTX_TRY_NUMBER='1' AIRFLOW_CTX_DAG_RUN_ID='scheduled__2026-03-10T12:05:00+00:00'
[2026-03-10T15:40:54.134+0000] {subprocess.py:63} INFO - Tmp dir root location: /tmp
[2026-03-10T15:40:54.135+0000] {subprocess.py:75} INFO - Running command: ['/usr/bin/bash', '-c', 'python3 /home/duc1808/weather_forecast_project/scripts/collect_actual_data.py']
[2026-03-10T15:40:54.191+0000] {subprocess.py:86} INFO - Output:
[2026-03-10T15:40:54.305+0000] {subprocess.py:93} INFO - python3: can't open file '/home/duc1808/weather_forecast_project/scripts/collect_actual_data.py': [Errno 2] No such file or directory
[2026-03-10T15:40:54.313+0000] {subprocess.py:97} INFO - Command exited with return code 2
[2026-03-10T15:40:54.332+0000] {taskinstance.py:2728} ERROR - Task failed with exception
Traceback (most recent call last):
  File "/home/airflow/.local/lib/python3.8/site-packages/airflow/models/taskinstance.py", line 444, in _execute_task
    result = _execute_callable(context=context, **execute_callable_kwargs)
  File "/home/airflow/.local/lib/python3.8/site-packages/airflow/models/taskinstance.py", line 414, in _execute_callable
    return execute_callable(context=context, **execute_callable_kwargs)
  File "/home/airflow/.local/lib/python3.8/site-packages/airflow/operators/bash.py", line 212, in execute
    raise AirflowException(
airflow.exceptions.AirflowException: Bash command failed. The command returned a non-zero exit code 2.
[2026-03-10T15:40:54.338+0000] {taskinstance.py:1149} INFO - Marking task as UP_FOR_RETRY. dag_id=2_weather_collect_actual, task_id=collect_actual_data, execution_date=20260310T120500, start_date=20260310T154053, end_date=20260310T154054
[2026-03-10T15:40:54.364+0000] {standard_task_runner.py:107} ERROR - Failed to execute job 4 for task collect_actual_data (Bash command failed. The command returned a non-zero exit code 2.; 555)
[2026-03-10T15:40:54.392+0000] {local_task_job_runner.py:234} INFO - Task exited with return code 1
[2026-03-10T15:40:54.434+0000] {taskinstance.py:3309} INFO - 0 downstream tasks scheduled from follow-on schedule check
