[2026-03-11T16:50:01.809+0000] {taskinstance.py:1979} INFO - Dependencies all met for dep_context=non-requeueable deps ti=<TaskInstance: 3_weather_spark_transform.run_spark_transform scheduled__2026-03-10T16:50:00+00:00 [queued]>
[2026-03-11T16:50:01.814+0000] {taskinstance.py:1979} INFO - Dependencies all met for dep_context=requeueable deps ti=<TaskInstance: 3_weather_spark_transform.run_spark_transform scheduled__2026-03-10T16:50:00+00:00 [queued]>
[2026-03-11T16:50:01.815+0000] {taskinstance.py:2193} INFO - Starting attempt 1 of 3
[2026-03-11T16:50:01.825+0000] {taskinstance.py:2214} INFO - Executing <Task(BashOperator): run_spark_transform> on 2026-03-10 16:50:00+00:00
[2026-03-11T16:50:01.831+0000] {standard_task_runner.py:60} INFO - Started process 21522 to run task
[2026-03-11T16:50:01.835+0000] {standard_task_runner.py:87} INFO - Running: ['***', 'tasks', 'run', '3_weather_spark_transform', 'run_spark_transform', 'scheduled__2026-03-10T16:50:00+00:00', '--job-id', '60', '--raw', '--subdir', 'DAGS_FOLDER/weather_forecast_dag.py', '--cfg-path', '/tmp/tmpf8wgralm']
[2026-03-11T16:50:01.838+0000] {standard_task_runner.py:88} INFO - Job 60: Subtask run_spark_transform
[2026-03-11T16:50:01.879+0000] {task_command.py:423} INFO - Running <TaskInstance: 3_weather_spark_transform.run_spark_transform scheduled__2026-03-10T16:50:00+00:00 [running]> on host 895e1d6fbe1c
[2026-03-11T16:50:01.932+0000] {taskinstance.py:2510} INFO - Exporting env vars: AIRFLOW_CTX_DAG_OWNER='duc1808' AIRFLOW_CTX_DAG_ID='3_weather_spark_transform' AIRFLOW_CTX_TASK_ID='run_spark_transform' AIRFLOW_CTX_EXECUTION_DATE='2026-03-10T16:50:00+00:00' AIRFLOW_CTX_TRY_NUMBER='1' AIRFLOW_CTX_DAG_RUN_ID='scheduled__2026-03-10T16:50:00+00:00'
[2026-03-11T16:50:01.935+0000] {subprocess.py:63} INFO - Tmp dir root location: /tmp
[2026-03-11T16:50:01.935+0000] {subprocess.py:75} INFO - Running command: ['/usr/bin/bash', '-c', 'python3 /opt/***/scripts/transform.py']
[2026-03-11T16:50:01.946+0000] {subprocess.py:86} INFO - Output:
[2026-03-11T16:50:01.972+0000] {subprocess.py:93} INFO - Traceback (most recent call last):
[2026-03-11T16:50:01.972+0000] {subprocess.py:93} INFO -   File "/opt/***/scripts/transform.py", line 4, in <module>
[2026-03-11T16:50:01.972+0000] {subprocess.py:93} INFO -     from pyspark.sql import SparkSession
[2026-03-11T16:50:01.972+0000] {subprocess.py:93} INFO - ModuleNotFoundError: No module named 'pyspark'
[2026-03-11T16:50:01.974+0000] {subprocess.py:97} INFO - Command exited with return code 1
[2026-03-11T16:50:01.981+0000] {taskinstance.py:2728} ERROR - Task failed with exception
Traceback (most recent call last):
  File "/home/airflow/.local/lib/python3.8/site-packages/airflow/models/taskinstance.py", line 444, in _execute_task
    result = _execute_callable(context=context, **execute_callable_kwargs)
  File "/home/airflow/.local/lib/python3.8/site-packages/airflow/models/taskinstance.py", line 414, in _execute_callable
    return execute_callable(context=context, **execute_callable_kwargs)
  File "/home/airflow/.local/lib/python3.8/site-packages/airflow/operators/bash.py", line 212, in execute
    raise AirflowException(
airflow.exceptions.AirflowException: Bash command failed. The command returned a non-zero exit code 1.
[2026-03-11T16:50:01.984+0000] {taskinstance.py:1149} INFO - Marking task as UP_FOR_RETRY. dag_id=3_weather_spark_transform, task_id=run_spark_transform, execution_date=20260310T165000, start_date=20260311T165001, end_date=20260311T165001
[2026-03-11T16:50:01.994+0000] {standard_task_runner.py:107} ERROR - Failed to execute job 60 for task run_spark_transform (Bash command failed. The command returned a non-zero exit code 1.; 21522)
[2026-03-11T16:50:02.008+0000] {local_task_job_runner.py:234} INFO - Task exited with return code 1
[2026-03-11T16:50:02.019+0000] {taskinstance.py:3309} INFO - 0 downstream tasks scheduled from follow-on schedule check
