[2026-03-10T16:21:48.064+0000] {taskinstance.py:1979} INFO - Dependencies all met for dep_context=non-requeueable deps ti=<TaskInstance: 1_weather_collect_forecast.collect_forecast_data manual__2026-03-10T16:21:46.367613+00:00 [queued]>
[2026-03-10T16:21:48.076+0000] {taskinstance.py:1979} INFO - Dependencies all met for dep_context=requeueable deps ti=<TaskInstance: 1_weather_collect_forecast.collect_forecast_data manual__2026-03-10T16:21:46.367613+00:00 [queued]>
[2026-03-10T16:21:48.076+0000] {taskinstance.py:2193} INFO - Starting attempt 1 of 3
[2026-03-10T16:21:48.107+0000] {taskinstance.py:2214} INFO - Executing <Task(BashOperator): collect_forecast_data> on 2026-03-10 16:21:46.367613+00:00
[2026-03-10T16:21:48.124+0000] {standard_task_runner.py:60} INFO - Started process 184 to run task
[2026-03-10T16:21:48.130+0000] {standard_task_runner.py:87} INFO - Running: ['***', 'tasks', 'run', '1_weather_collect_forecast', 'collect_forecast_data', 'manual__2026-03-10T16:21:46.367613+00:00', '--job-id', '22', '--raw', '--subdir', 'DAGS_FOLDER/weather_forecast_dag.py', '--cfg-path', '/tmp/tmpjn3iudb6']
[2026-03-10T16:21:48.135+0000] {standard_task_runner.py:88} INFO - Job 22: Subtask collect_forecast_data
[2026-03-10T16:21:48.188+0000] {task_command.py:423} INFO - Running <TaskInstance: 1_weather_collect_forecast.collect_forecast_data manual__2026-03-10T16:21:46.367613+00:00 [running]> on host 5149837eb9b3
[2026-03-10T16:21:48.273+0000] {taskinstance.py:2510} INFO - Exporting env vars: AIRFLOW_CTX_DAG_OWNER='duc1808' AIRFLOW_CTX_DAG_ID='1_weather_collect_forecast' AIRFLOW_CTX_TASK_ID='collect_forecast_data' AIRFLOW_CTX_EXECUTION_DATE='2026-03-10T16:21:46.367613+00:00' AIRFLOW_CTX_TRY_NUMBER='1' AIRFLOW_CTX_DAG_RUN_ID='manual__2026-03-10T16:21:46.367613+00:00'
[2026-03-10T16:21:48.278+0000] {subprocess.py:63} INFO - Tmp dir root location: /tmp
[2026-03-10T16:21:48.279+0000] {subprocess.py:75} INFO - Running command: ['/usr/bin/bash', '-c', 'python3 /opt/***/scripts/collect_forecast_data.py']
[2026-03-10T16:21:48.297+0000] {subprocess.py:86} INFO - Output:
[2026-03-10T16:21:48.333+0000] {subprocess.py:93} INFO - python3: can't open file '/opt/***/scripts/collect_forecast_data.py': [Errno 2] No such file or directory
[2026-03-10T16:21:48.336+0000] {subprocess.py:97} INFO - Command exited with return code 2
[2026-03-10T16:21:48.346+0000] {taskinstance.py:2728} ERROR - Task failed with exception
Traceback (most recent call last):
  File "/home/airflow/.local/lib/python3.8/site-packages/airflow/models/taskinstance.py", line 444, in _execute_task
    result = _execute_callable(context=context, **execute_callable_kwargs)
  File "/home/airflow/.local/lib/python3.8/site-packages/airflow/models/taskinstance.py", line 414, in _execute_callable
    return execute_callable(context=context, **execute_callable_kwargs)
  File "/home/airflow/.local/lib/python3.8/site-packages/airflow/operators/bash.py", line 212, in execute
    raise AirflowException(
airflow.exceptions.AirflowException: Bash command failed. The command returned a non-zero exit code 2.
[2026-03-10T16:21:48.349+0000] {taskinstance.py:1149} INFO - Marking task as UP_FOR_RETRY. dag_id=1_weather_collect_forecast, task_id=collect_forecast_data, execution_date=20260310T162146, start_date=20260310T162148, end_date=20260310T162148
[2026-03-10T16:21:48.359+0000] {standard_task_runner.py:107} ERROR - Failed to execute job 22 for task collect_forecast_data (Bash command failed. The command returned a non-zero exit code 2.; 184)
[2026-03-10T16:21:48.386+0000] {local_task_job_runner.py:234} INFO - Task exited with return code 1
[2026-03-10T16:21:48.409+0000] {taskinstance.py:3309} INFO - 0 downstream tasks scheduled from follow-on schedule check
