[2026-03-10T21:05:01.174+0000] {taskinstance.py:1979} INFO - Dependencies all met for dep_context=non-requeueable deps ti=<TaskInstance: 2_weather_collect_actual.collect_actual_data scheduled__2026-03-10T18:05:00+00:00 [queued]>
[2026-03-10T21:05:01.179+0000] {taskinstance.py:1979} INFO - Dependencies all met for dep_context=requeueable deps ti=<TaskInstance: 2_weather_collect_actual.collect_actual_data scheduled__2026-03-10T18:05:00+00:00 [queued]>
[2026-03-10T21:05:01.179+0000] {taskinstance.py:2193} INFO - Starting attempt 1 of 3
[2026-03-10T21:05:01.189+0000] {taskinstance.py:2214} INFO - Executing <Task(BashOperator): collect_actual_data> on 2026-03-10 18:05:00+00:00
[2026-03-10T21:05:01.196+0000] {standard_task_runner.py:60} INFO - Started process 3074 to run task
[2026-03-10T21:05:01.200+0000] {standard_task_runner.py:87} INFO - Running: ['***', 'tasks', 'run', '2_weather_collect_actual', 'collect_actual_data', 'scheduled__2026-03-10T18:05:00+00:00', '--job-id', '53', '--raw', '--subdir', 'DAGS_FOLDER/weather_forecast_dag.py', '--cfg-path', '/tmp/tmpv7o7o8ul']
[2026-03-10T21:05:01.202+0000] {standard_task_runner.py:88} INFO - Job 53: Subtask collect_actual_data
[2026-03-10T21:05:01.240+0000] {task_command.py:423} INFO - Running <TaskInstance: 2_weather_collect_actual.collect_actual_data scheduled__2026-03-10T18:05:00+00:00 [running]> on host 895e1d6fbe1c
[2026-03-10T21:05:01.293+0000] {taskinstance.py:2510} INFO - Exporting env vars: AIRFLOW_CTX_DAG_OWNER='duc1808' AIRFLOW_CTX_DAG_ID='2_weather_collect_actual' AIRFLOW_CTX_TASK_ID='collect_actual_data' AIRFLOW_CTX_EXECUTION_DATE='2026-03-10T18:05:00+00:00' AIRFLOW_CTX_TRY_NUMBER='1' AIRFLOW_CTX_DAG_RUN_ID='scheduled__2026-03-10T18:05:00+00:00'
[2026-03-10T21:05:01.295+0000] {subprocess.py:63} INFO - Tmp dir root location: /tmp
[2026-03-10T21:05:01.296+0000] {subprocess.py:75} INFO - Running command: ['/usr/bin/bash', '-c', 'python3 /opt/***/scripts/collect_actual_data.py']
[2026-03-10T21:05:01.307+0000] {subprocess.py:86} INFO - Output:
[2026-03-10T21:05:02.011+0000] {subprocess.py:93} INFO - Gọi API thời tiết hiện tại cho CITY_ID=1566083
[2026-03-10T21:05:02.012+0000] {subprocess.py:93} INFO - 
[2026-03-10T21:05:02.012+0000] {subprocess.py:93} INFO - Status code: 200
[2026-03-10T21:05:02.012+0000] {subprocess.py:93} INFO -  CityID            DateTime  Temperature  Humidity Description  WindSpeed  WindDirection  CloudRate  RainOneHour             SunRise              SunSet
[2026-03-10T21:05:02.012+0000] {subprocess.py:93} INFO - 1566083 2026-03-11 04:00:00        26.15        79  light rain       3.09             80          0         0.19 2026-03-11 06:03:08 2026-03-11 18:04:02
[2026-03-10T21:05:02.012+0000] {subprocess.py:93} INFO - 
[2026-03-10T21:05:02.012+0000] {subprocess.py:93} INFO - [+] Đã xuất file local tại: /opt/***/data/raw_actual_20260311_040502.parquet
[2026-03-10T21:05:02.059+0000] {subprocess.py:97} INFO - Command exited with return code 0
[2026-03-10T21:05:02.081+0000] {taskinstance.py:1149} INFO - Marking task as SUCCESS. dag_id=2_weather_collect_actual, task_id=collect_actual_data, execution_date=20260310T180500, start_date=20260310T210501, end_date=20260310T210502
[2026-03-10T21:05:02.134+0000] {local_task_job_runner.py:234} INFO - Task exited with return code 0
[2026-03-10T21:05:02.146+0000] {taskinstance.py:3309} INFO - 0 downstream tasks scheduled from follow-on schedule check
