[2026-03-10T18:17:30.382+0000] {taskinstance.py:1979} INFO - Dependencies all met for dep_context=non-requeueable deps ti=<TaskInstance: 1_weather_collect_forecast.collect_forecast_data manual__2026-03-10T17:53:52.032370+00:00 [queued]>
[2026-03-10T18:17:30.387+0000] {taskinstance.py:1979} INFO - Dependencies all met for dep_context=requeueable deps ti=<TaskInstance: 1_weather_collect_forecast.collect_forecast_data manual__2026-03-10T17:53:52.032370+00:00 [queued]>
[2026-03-10T18:17:30.388+0000] {taskinstance.py:2193} INFO - Starting attempt 9 of 9
[2026-03-10T18:17:30.398+0000] {taskinstance.py:2214} INFO - Executing <Task(BashOperator): collect_forecast_data> on 2026-03-10 17:53:52.032370+00:00
[2026-03-10T18:17:30.404+0000] {standard_task_runner.py:60} INFO - Started process 502 to run task
[2026-03-10T18:17:30.408+0000] {standard_task_runner.py:87} INFO - Running: ['***', 'tasks', 'run', '1_weather_collect_forecast', 'collect_forecast_data', 'manual__2026-03-10T17:53:52.032370+00:00', '--job-id', '48', '--raw', '--subdir', 'DAGS_FOLDER/weather_forecast_dag.py', '--cfg-path', '/tmp/tmpedgxc69j']
[2026-03-10T18:17:30.410+0000] {standard_task_runner.py:88} INFO - Job 48: Subtask collect_forecast_data
[2026-03-10T18:17:30.448+0000] {task_command.py:423} INFO - Running <TaskInstance: 1_weather_collect_forecast.collect_forecast_data manual__2026-03-10T17:53:52.032370+00:00 [running]> on host 895e1d6fbe1c
[2026-03-10T18:17:30.539+0000] {taskinstance.py:2510} INFO - Exporting env vars: AIRFLOW_CTX_DAG_OWNER='duc1808' AIRFLOW_CTX_DAG_ID='1_weather_collect_forecast' AIRFLOW_CTX_TASK_ID='collect_forecast_data' AIRFLOW_CTX_EXECUTION_DATE='2026-03-10T17:53:52.032370+00:00' AIRFLOW_CTX_TRY_NUMBER='9' AIRFLOW_CTX_DAG_RUN_ID='manual__2026-03-10T17:53:52.032370+00:00'
[2026-03-10T18:17:30.542+0000] {subprocess.py:63} INFO - Tmp dir root location: /tmp
[2026-03-10T18:17:30.543+0000] {subprocess.py:75} INFO - Running command: ['/usr/bin/bash', '-c', 'python3 /opt/***/scripts/collect_forecast_data.py']
[2026-03-10T18:17:30.560+0000] {subprocess.py:86} INFO - Output:
[2026-03-10T18:17:31.388+0000] {subprocess.py:93} INFO - Gọi API lấy 40 mốc DỰ BÁO tương lai cho CITY_ID=1566083 lúc 2026-03-11 01:17:31
[2026-03-10T18:17:31.389+0000] {subprocess.py:93} INFO - 
[2026-03-10T18:17:31.389+0000] {subprocess.py:93} INFO - [+] Số mốc dự báo thu thập được: 7
[2026-03-10T18:17:31.389+0000] {subprocess.py:93} INFO - Mẫu 3 dòng đầu (mốc gần nhất 3h, 6h, 9h tới):
[2026-03-10T18:17:31.389+0000] {subprocess.py:93} INFO -  CityID Forecast_Created_Time         Target_Time  Temperature  Humidity   Description  WindSpeed  WindDirection  CloudRate  RainThreeHour
[2026-03-10T18:17:31.390+0000] {subprocess.py:93} INFO - 1566083   2026-03-11 01:17:31 2026-03-11 04:00:00        26.69        76    few clouds       1.60            352         18            0.0
[2026-03-10T18:17:31.390+0000] {subprocess.py:93} INFO - 1566083   2026-03-11 01:17:31 2026-03-11 07:00:00        26.98        67    few clouds       1.52            353         22            0.0
[2026-03-10T18:17:31.390+0000] {subprocess.py:93} INFO - 1566083   2026-03-11 01:17:31 2026-03-11 10:00:00        30.97        44 broken clouds       0.45            275         61            0.0
[2026-03-10T18:17:31.390+0000] {subprocess.py:93} INFO - 
[2026-03-10T18:17:31.390+0000] {subprocess.py:93} INFO - [+] Đã xuất file local tại: /opt/***/data/raw_forecast_20260311_011731.parquet
[2026-03-10T18:17:31.390+0000] {subprocess.py:93} INFO - Traceback (most recent call last):
[2026-03-10T18:17:31.391+0000] {subprocess.py:93} INFO -   File "/opt/***/scripts/collect_forecast_data.py", line 100, in <module>
[2026-03-10T18:17:31.391+0000] {subprocess.py:93} INFO -     subprocess.run(["hdfs", "dfs", "-mkdir", "-p", hdfs_dir], check=False, stdout=subprocess.DEVNULL, stderr=subprocess.DEVNULL)
[2026-03-10T18:17:31.391+0000] {subprocess.py:93} INFO -   File "/usr/local/lib/python3.8/subprocess.py", line 493, in run
[2026-03-10T18:17:31.391+0000] {subprocess.py:93} INFO -     with Popen(*popenargs, **kwargs) as process:
[2026-03-10T18:17:31.391+0000] {subprocess.py:93} INFO -   File "/usr/local/lib/python3.8/subprocess.py", line 858, in __init__
[2026-03-10T18:17:31.391+0000] {subprocess.py:93} INFO -     self._execute_child(args, executable, preexec_fn, close_fds,
[2026-03-10T18:17:31.391+0000] {subprocess.py:93} INFO -   File "/usr/local/lib/python3.8/subprocess.py", line 1720, in _execute_child
[2026-03-10T18:17:31.392+0000] {subprocess.py:93} INFO -     raise child_exception_type(errno_num, err_msg, err_filename)
[2026-03-10T18:17:31.392+0000] {subprocess.py:93} INFO - PermissionError: [Errno 13] Permission denied: 'hdfs'
[2026-03-10T18:17:31.439+0000] {subprocess.py:97} INFO - Command exited with return code 1
[2026-03-10T18:17:31.447+0000] {taskinstance.py:2728} ERROR - Task failed with exception
Traceback (most recent call last):
  File "/home/airflow/.local/lib/python3.8/site-packages/airflow/models/taskinstance.py", line 444, in _execute_task
    result = _execute_callable(context=context, **execute_callable_kwargs)
  File "/home/airflow/.local/lib/python3.8/site-packages/airflow/models/taskinstance.py", line 414, in _execute_callable
    return execute_callable(context=context, **execute_callable_kwargs)
  File "/home/airflow/.local/lib/python3.8/site-packages/airflow/operators/bash.py", line 212, in execute
    raise AirflowException(
airflow.exceptions.AirflowException: Bash command failed. The command returned a non-zero exit code 1.
[2026-03-10T18:17:31.450+0000] {taskinstance.py:1149} INFO - Marking task as FAILED. dag_id=1_weather_collect_forecast, task_id=collect_forecast_data, execution_date=20260310T175352, start_date=20260310T181730, end_date=20260310T181731
[2026-03-10T18:17:31.464+0000] {standard_task_runner.py:107} ERROR - Failed to execute job 48 for task collect_forecast_data (Bash command failed. The command returned a non-zero exit code 1.; 502)
[2026-03-10T18:17:31.505+0000] {local_task_job_runner.py:234} INFO - Task exited with return code 1
[2026-03-10T18:17:31.517+0000] {taskinstance.py:3309} INFO - 0 downstream tasks scheduled from follow-on schedule check
