[2026-03-10T18:09:17.805+0000] {taskinstance.py:1979} INFO - Dependencies all met for dep_context=non-requeueable deps ti=<TaskInstance: 1_weather_collect_forecast.collect_forecast_data manual__2026-03-10T17:53:52.032370+00:00 [queued]>
[2026-03-10T18:09:17.810+0000] {taskinstance.py:1979} INFO - Dependencies all met for dep_context=requeueable deps ti=<TaskInstance: 1_weather_collect_forecast.collect_forecast_data manual__2026-03-10T17:53:52.032370+00:00 [queued]>
[2026-03-10T18:09:17.810+0000] {taskinstance.py:2193} INFO - Starting attempt 6 of 6
[2026-03-10T18:09:17.821+0000] {taskinstance.py:2214} INFO - Executing <Task(BashOperator): collect_forecast_data> on 2026-03-10 17:53:52.032370+00:00
[2026-03-10T18:09:17.827+0000] {standard_task_runner.py:60} INFO - Started process 358 to run task
[2026-03-10T18:09:17.831+0000] {standard_task_runner.py:87} INFO - Running: ['***', 'tasks', 'run', '1_weather_collect_forecast', 'collect_forecast_data', 'manual__2026-03-10T17:53:52.032370+00:00', '--job-id', '45', '--raw', '--subdir', 'DAGS_FOLDER/weather_forecast_dag.py', '--cfg-path', '/tmp/tmpqjqrrkwx']
[2026-03-10T18:09:17.833+0000] {standard_task_runner.py:88} INFO - Job 45: Subtask collect_forecast_data
[2026-03-10T18:09:17.869+0000] {task_command.py:423} INFO - Running <TaskInstance: 1_weather_collect_forecast.collect_forecast_data manual__2026-03-10T17:53:52.032370+00:00 [running]> on host 895e1d6fbe1c
[2026-03-10T18:09:17.918+0000] {taskinstance.py:2510} INFO - Exporting env vars: AIRFLOW_CTX_DAG_OWNER='duc1808' AIRFLOW_CTX_DAG_ID='1_weather_collect_forecast' AIRFLOW_CTX_TASK_ID='collect_forecast_data' AIRFLOW_CTX_EXECUTION_DATE='2026-03-10T17:53:52.032370+00:00' AIRFLOW_CTX_TRY_NUMBER='6' AIRFLOW_CTX_DAG_RUN_ID='manual__2026-03-10T17:53:52.032370+00:00'
[2026-03-10T18:09:17.920+0000] {subprocess.py:63} INFO - Tmp dir root location: /tmp
[2026-03-10T18:09:17.920+0000] {subprocess.py:75} INFO - Running command: ['/usr/bin/bash', '-c', 'python3 /opt/***/scripts/collect_forecast_data.py']
[2026-03-10T18:09:17.932+0000] {subprocess.py:86} INFO - Output:
[2026-03-10T18:09:18.636+0000] {subprocess.py:93} INFO - Gọi API lấy 40 mốc DỰ BÁO tương lai cho CITY_ID=1566083 lúc 2026-03-11 01:09:18
[2026-03-10T18:09:18.636+0000] {subprocess.py:93} INFO - 
[2026-03-10T18:09:18.637+0000] {subprocess.py:93} INFO - [+] Số mốc dự báo thu thập được: 7
[2026-03-10T18:09:18.637+0000] {subprocess.py:93} INFO - Mẫu 3 dòng đầu (mốc gần nhất 3h, 6h, 9h tới):
[2026-03-10T18:09:18.637+0000] {subprocess.py:93} INFO -  CityID Forecast_Created_Time         Target_Time  Temperature  Humidity      Description  WindSpeed  WindDirection  CloudRate  RainThreeHour
[2026-03-10T18:09:18.637+0000] {subprocess.py:93} INFO - 1566083   2026-03-11 01:09:18 2026-03-11 04:00:00        26.69        75       few clouds       1.60            352         18            0.0
[2026-03-10T18:09:18.647+0000] {subprocess.py:93} INFO - 1566083   2026-03-11 01:09:18 2026-03-11 07:00:00        26.33        70 scattered clouds       1.09            293         41            0.0
[2026-03-10T18:09:18.647+0000] {subprocess.py:93} INFO - 1566083   2026-03-11 01:09:18 2026-03-11 10:00:00        30.02        51    broken clouds       0.20            345         75            0.0
[2026-03-10T18:09:18.648+0000] {subprocess.py:93} INFO - Traceback (most recent call last):
[2026-03-10T18:09:18.648+0000] {subprocess.py:93} INFO -   File "/opt/***/scripts/collect_forecast_data.py", line 92, in <module>
[2026-03-10T18:09:18.648+0000] {subprocess.py:93} INFO -     df.to_parquet(local_file_path, index=False)
[2026-03-10T18:09:18.648+0000] {subprocess.py:93} INFO -   File "/home/***/.local/lib/python3.8/site-packages/pandas/core/frame.py", line 2889, in to_parquet
[2026-03-10T18:09:18.649+0000] {subprocess.py:93} INFO -     return to_parquet(
[2026-03-10T18:09:18.649+0000] {subprocess.py:93} INFO -   File "/home/***/.local/lib/python3.8/site-packages/pandas/io/parquet.py", line 411, in to_parquet
[2026-03-10T18:09:18.649+0000] {subprocess.py:93} INFO -     impl.write(
[2026-03-10T18:09:18.650+0000] {subprocess.py:93} INFO -   File "/home/***/.local/lib/python3.8/site-packages/pandas/io/parquet.py", line 161, in write
[2026-03-10T18:09:18.650+0000] {subprocess.py:93} INFO -     path_or_handle, handles, kwargs["filesystem"] = _get_path_or_handle(
[2026-03-10T18:09:18.650+0000] {subprocess.py:93} INFO -   File "/home/***/.local/lib/python3.8/site-packages/pandas/io/parquet.py", line 110, in _get_path_or_handle
[2026-03-10T18:09:18.651+0000] {subprocess.py:93} INFO -     handles = get_handle(
[2026-03-10T18:09:18.651+0000] {subprocess.py:93} INFO -   File "/home/***/.local/lib/python3.8/site-packages/pandas/io/common.py", line 868, in get_handle
[2026-03-10T18:09:18.651+0000] {subprocess.py:93} INFO -     handle = open(handle, ioargs.mode)
[2026-03-10T18:09:18.651+0000] {subprocess.py:93} INFO - PermissionError: [Errno 13] Permission denied: '/opt/***/data/raw_forecast_20260311_010918.parquet'
[2026-03-10T18:09:18.706+0000] {subprocess.py:97} INFO - Command exited with return code 1
[2026-03-10T18:09:18.719+0000] {taskinstance.py:2728} ERROR - Task failed with exception
Traceback (most recent call last):
  File "/home/airflow/.local/lib/python3.8/site-packages/airflow/models/taskinstance.py", line 444, in _execute_task
    result = _execute_callable(context=context, **execute_callable_kwargs)
  File "/home/airflow/.local/lib/python3.8/site-packages/airflow/models/taskinstance.py", line 414, in _execute_callable
    return execute_callable(context=context, **execute_callable_kwargs)
  File "/home/airflow/.local/lib/python3.8/site-packages/airflow/operators/bash.py", line 212, in execute
    raise AirflowException(
airflow.exceptions.AirflowException: Bash command failed. The command returned a non-zero exit code 1.
[2026-03-10T18:09:18.722+0000] {taskinstance.py:1149} INFO - Marking task as FAILED. dag_id=1_weather_collect_forecast, task_id=collect_forecast_data, execution_date=20260310T175352, start_date=20260310T180917, end_date=20260310T180918
[2026-03-10T18:09:18.734+0000] {standard_task_runner.py:107} ERROR - Failed to execute job 45 for task collect_forecast_data (Bash command failed. The command returned a non-zero exit code 1.; 358)
[2026-03-10T18:09:18.768+0000] {local_task_job_runner.py:234} INFO - Task exited with return code 1
[2026-03-10T18:09:18.780+0000] {taskinstance.py:3309} INFO - 0 downstream tasks scheduled from follow-on schedule check
