[2026-03-10T18:29:10.199+0000] {taskinstance.py:1979} INFO - Dependencies all met for dep_context=non-requeueable deps ti=<TaskInstance: 1_weather_collect_forecast.collect_forecast_data manual__2026-03-10T17:53:52.032370+00:00 [queued]>
[2026-03-10T18:29:10.205+0000] {taskinstance.py:1979} INFO - Dependencies all met for dep_context=requeueable deps ti=<TaskInstance: 1_weather_collect_forecast.collect_forecast_data manual__2026-03-10T17:53:52.032370+00:00 [queued]>
[2026-03-10T18:29:10.205+0000] {taskinstance.py:2193} INFO - Starting attempt 10 of 12
[2026-03-10T18:29:10.215+0000] {taskinstance.py:2214} INFO - Executing <Task(BashOperator): collect_forecast_data> on 2026-03-10 17:53:52.032370+00:00
[2026-03-10T18:29:10.221+0000] {standard_task_runner.py:60} INFO - Started process 687 to run task
[2026-03-10T18:29:10.225+0000] {standard_task_runner.py:87} INFO - Running: ['***', 'tasks', 'run', '1_weather_collect_forecast', 'collect_forecast_data', 'manual__2026-03-10T17:53:52.032370+00:00', '--job-id', '49', '--raw', '--subdir', 'DAGS_FOLDER/weather_forecast_dag.py', '--cfg-path', '/tmp/tmpna1_b6ng']
[2026-03-10T18:29:10.227+0000] {standard_task_runner.py:88} INFO - Job 49: Subtask collect_forecast_data
[2026-03-10T18:29:10.265+0000] {task_command.py:423} INFO - Running <TaskInstance: 1_weather_collect_forecast.collect_forecast_data manual__2026-03-10T17:53:52.032370+00:00 [running]> on host 895e1d6fbe1c
[2026-03-10T18:29:10.317+0000] {taskinstance.py:2510} INFO - Exporting env vars: AIRFLOW_CTX_DAG_OWNER='duc1808' AIRFLOW_CTX_DAG_ID='1_weather_collect_forecast' AIRFLOW_CTX_TASK_ID='collect_forecast_data' AIRFLOW_CTX_EXECUTION_DATE='2026-03-10T17:53:52.032370+00:00' AIRFLOW_CTX_TRY_NUMBER='10' AIRFLOW_CTX_DAG_RUN_ID='manual__2026-03-10T17:53:52.032370+00:00'
[2026-03-10T18:29:10.321+0000] {subprocess.py:63} INFO - Tmp dir root location: /tmp
[2026-03-10T18:29:10.322+0000] {subprocess.py:75} INFO - Running command: ['/usr/bin/bash', '-c', 'python3 /opt/***/scripts/collect_forecast_data.py']
[2026-03-10T18:29:10.337+0000] {subprocess.py:86} INFO - Output:
[2026-03-10T18:29:11.167+0000] {subprocess.py:93} INFO - Gọi API lấy 40 mốc DỰ BÁO tương lai cho CITY_ID=1566083 lúc 2026-03-11 01:29:10
[2026-03-10T18:29:11.168+0000] {subprocess.py:93} INFO - 
[2026-03-10T18:29:11.168+0000] {subprocess.py:93} INFO - [+] Số mốc dự báo thu thập được: 7
[2026-03-10T18:29:11.168+0000] {subprocess.py:93} INFO - Mẫu 3 dòng đầu (mốc gần nhất 3h, 6h, 9h tới):
[2026-03-10T18:29:11.169+0000] {subprocess.py:93} INFO -  CityID Forecast_Created_Time         Target_Time  Temperature  Humidity   Description  WindSpeed  WindDirection  CloudRate  RainThreeHour
[2026-03-10T18:29:11.169+0000] {subprocess.py:93} INFO - 1566083   2026-03-11 01:29:10 2026-03-11 04:00:00        26.69        76    few clouds       1.60            352         18            0.0
[2026-03-10T18:29:11.170+0000] {subprocess.py:93} INFO - 1566083   2026-03-11 01:29:10 2026-03-11 07:00:00        26.98        67    few clouds       1.52            353         22            0.0
[2026-03-10T18:29:11.170+0000] {subprocess.py:93} INFO - 1566083   2026-03-11 01:29:10 2026-03-11 10:00:00        30.97        44 broken clouds       0.45            275         61            0.0
[2026-03-10T18:29:11.172+0000] {subprocess.py:93} INFO - 
[2026-03-10T18:29:11.172+0000] {subprocess.py:93} INFO - [+] Đã xuất file local tại: /opt/***/data/raw_forecast_20260311_012910.parquet
[2026-03-10T18:29:11.221+0000] {subprocess.py:97} INFO - Command exited with return code 0
[2026-03-10T18:29:11.242+0000] {taskinstance.py:1149} INFO - Marking task as SUCCESS. dag_id=1_weather_collect_forecast, task_id=collect_forecast_data, execution_date=20260310T175352, start_date=20260310T182910, end_date=20260310T182911
[2026-03-10T18:29:11.285+0000] {local_task_job_runner.py:234} INFO - Task exited with return code 0
[2026-03-10T18:29:11.297+0000] {taskinstance.py:3309} INFO - 0 downstream tasks scheduled from follow-on schedule check
