[2026-03-10T18:34:39.736+0000] {taskinstance.py:1979} INFO - Dependencies all met for dep_context=non-requeueable deps ti=<TaskInstance: 1_weather_collect_forecast.collect_forecast_data manual__2026-03-10T18:34:38.124577+00:00 [queued]>
[2026-03-10T18:34:39.741+0000] {taskinstance.py:1979} INFO - Dependencies all met for dep_context=requeueable deps ti=<TaskInstance: 1_weather_collect_forecast.collect_forecast_data manual__2026-03-10T18:34:38.124577+00:00 [queued]>
[2026-03-10T18:34:39.741+0000] {taskinstance.py:2193} INFO - Starting attempt 1 of 3
[2026-03-10T18:34:39.751+0000] {taskinstance.py:2214} INFO - Executing <Task(BashOperator): collect_forecast_data> on 2026-03-10 18:34:38.124577+00:00
[2026-03-10T18:34:39.757+0000] {standard_task_runner.py:60} INFO - Started process 780 to run task
[2026-03-10T18:34:39.761+0000] {standard_task_runner.py:87} INFO - Running: ['***', 'tasks', 'run', '1_weather_collect_forecast', 'collect_forecast_data', 'manual__2026-03-10T18:34:38.124577+00:00', '--job-id', '51', '--raw', '--subdir', 'DAGS_FOLDER/weather_forecast_dag.py', '--cfg-path', '/tmp/tmpemm4v69e']
[2026-03-10T18:34:39.763+0000] {standard_task_runner.py:88} INFO - Job 51: Subtask collect_forecast_data
[2026-03-10T18:34:39.798+0000] {task_command.py:423} INFO - Running <TaskInstance: 1_weather_collect_forecast.collect_forecast_data manual__2026-03-10T18:34:38.124577+00:00 [running]> on host 895e1d6fbe1c
[2026-03-10T18:34:39.867+0000] {taskinstance.py:2510} INFO - Exporting env vars: AIRFLOW_CTX_DAG_OWNER='duc1808' AIRFLOW_CTX_DAG_ID='1_weather_collect_forecast' AIRFLOW_CTX_TASK_ID='collect_forecast_data' AIRFLOW_CTX_EXECUTION_DATE='2026-03-10T18:34:38.124577+00:00' AIRFLOW_CTX_TRY_NUMBER='1' AIRFLOW_CTX_DAG_RUN_ID='manual__2026-03-10T18:34:38.124577+00:00'
[2026-03-10T18:34:39.871+0000] {subprocess.py:63} INFO - Tmp dir root location: /tmp
[2026-03-10T18:34:39.872+0000] {subprocess.py:75} INFO - Running command: ['/usr/bin/bash', '-c', 'python3 /opt/***/scripts/collect_forecast_data.py']
[2026-03-10T18:34:39.887+0000] {subprocess.py:86} INFO - Output:
[2026-03-10T18:34:40.890+0000] {subprocess.py:93} INFO - Gọi API lấy 40 mốc DỰ BÁO tương lai cho CITY_ID=1566083 lúc 2026-03-11 01:34:40
[2026-03-10T18:34:40.891+0000] {subprocess.py:93} INFO - 
[2026-03-10T18:34:40.891+0000] {subprocess.py:93} INFO - [+] Số mốc dự báo thu thập được: 7
[2026-03-10T18:34:40.891+0000] {subprocess.py:93} INFO - Mẫu 3 dòng đầu (mốc gần nhất 3h, 6h, 9h tới):
[2026-03-10T18:34:40.891+0000] {subprocess.py:93} INFO -  CityID Forecast_Created_Time         Target_Time  Temperature  Humidity   Description  WindSpeed  WindDirection  CloudRate  RainThreeHour
[2026-03-10T18:34:40.891+0000] {subprocess.py:93} INFO - 1566083   2026-03-11 01:34:40 2026-03-11 04:00:00        26.69        76    few clouds       1.60            352         18            0.0
[2026-03-10T18:34:40.891+0000] {subprocess.py:93} INFO - 1566083   2026-03-11 01:34:40 2026-03-11 07:00:00        26.98        67    few clouds       1.52            353         22            0.0
[2026-03-10T18:34:40.892+0000] {subprocess.py:93} INFO - 1566083   2026-03-11 01:34:40 2026-03-11 10:00:00        30.97        44 broken clouds       0.45            275         61            0.0
[2026-03-10T18:34:40.892+0000] {subprocess.py:93} INFO - 
[2026-03-10T18:34:40.892+0000] {subprocess.py:93} INFO - [+] Đã xuất file local tại: /opt/***/data/raw_forecast_20260311_013440.parquet
[2026-03-10T18:34:40.940+0000] {subprocess.py:97} INFO - Command exited with return code 0
[2026-03-10T18:34:40.961+0000] {taskinstance.py:1149} INFO - Marking task as SUCCESS. dag_id=1_weather_collect_forecast, task_id=collect_forecast_data, execution_date=20260310T183438, start_date=20260310T183439, end_date=20260310T183440
[2026-03-10T18:34:40.980+0000] {local_task_job_runner.py:234} INFO - Task exited with return code 0
[2026-03-10T18:34:40.992+0000] {taskinstance.py:3309} INFO - 0 downstream tasks scheduled from follow-on schedule check
