[2026-03-10T18:05:01.002+0000] {taskinstance.py:1979} INFO - Dependencies all met for dep_context=non-requeueable deps ti=<TaskInstance: 2_weather_collect_actual.collect_actual_data scheduled__2026-03-10T15:05:00+00:00 [queued]>
[2026-03-10T18:05:01.007+0000] {taskinstance.py:1979} INFO - Dependencies all met for dep_context=requeueable deps ti=<TaskInstance: 2_weather_collect_actual.collect_actual_data scheduled__2026-03-10T15:05:00+00:00 [queued]>
[2026-03-10T18:05:01.007+0000] {taskinstance.py:2193} INFO - Starting attempt 1 of 3
[2026-03-10T18:05:01.016+0000] {taskinstance.py:2214} INFO - Executing <Task(BashOperator): collect_actual_data> on 2026-03-10 15:05:00+00:00
[2026-03-10T18:05:01.023+0000] {standard_task_runner.py:60} INFO - Started process 258 to run task
[2026-03-10T18:05:01.027+0000] {standard_task_runner.py:87} INFO - Running: ['***', 'tasks', 'run', '2_weather_collect_actual', 'collect_actual_data', 'scheduled__2026-03-10T15:05:00+00:00', '--job-id', '40', '--raw', '--subdir', 'DAGS_FOLDER/weather_forecast_dag.py', '--cfg-path', '/tmp/tmposvz05z4']
[2026-03-10T18:05:01.029+0000] {standard_task_runner.py:88} INFO - Job 40: Subtask collect_actual_data
[2026-03-10T18:05:01.066+0000] {task_command.py:423} INFO - Running <TaskInstance: 2_weather_collect_actual.collect_actual_data scheduled__2026-03-10T15:05:00+00:00 [running]> on host 895e1d6fbe1c
[2026-03-10T18:05:01.118+0000] {taskinstance.py:2510} INFO - Exporting env vars: AIRFLOW_CTX_DAG_OWNER='duc1808' AIRFLOW_CTX_DAG_ID='2_weather_collect_actual' AIRFLOW_CTX_TASK_ID='collect_actual_data' AIRFLOW_CTX_EXECUTION_DATE='2026-03-10T15:05:00+00:00' AIRFLOW_CTX_TRY_NUMBER='1' AIRFLOW_CTX_DAG_RUN_ID='scheduled__2026-03-10T15:05:00+00:00'
[2026-03-10T18:05:01.120+0000] {subprocess.py:63} INFO - Tmp dir root location: /tmp
[2026-03-10T18:05:01.120+0000] {subprocess.py:75} INFO - Running command: ['/usr/bin/bash', '-c', 'python3 /opt/***/scripts/collect_actual_data.py']
[2026-03-10T18:05:01.131+0000] {subprocess.py:86} INFO - Output:
[2026-03-10T18:05:01.792+0000] {subprocess.py:93} INFO - Gọi API thời tiết hiện tại cho CITY_ID=1566083
[2026-03-10T18:05:01.793+0000] {subprocess.py:93} INFO - 
[2026-03-10T18:05:01.793+0000] {subprocess.py:93} INFO - Status code: 200
[2026-03-10T18:05:01.793+0000] {subprocess.py:93} INFO -  CityID            DateTime  Temperature  Humidity Description  WindSpeed  WindDirection  CloudRate  RainOneHour             SunRise              SunSet
[2026-03-10T18:05:01.793+0000] {subprocess.py:93} INFO - 1566083 2026-03-11 01:00:00        27.26        77  light rain       2.06             20          0         0.21 2026-03-11 06:03:08 2026-03-11 18:04:02
[2026-03-10T18:05:01.794+0000] {subprocess.py:93} INFO - Traceback (most recent call last):
[2026-03-10T18:05:01.794+0000] {subprocess.py:93} INFO -   File "/opt/***/scripts/collect_actual_data.py", line 94, in <module>
[2026-03-10T18:05:01.794+0000] {subprocess.py:93} INFO -     df.to_parquet(local_file_path, index=False)
[2026-03-10T18:05:01.794+0000] {subprocess.py:93} INFO -   File "/home/***/.local/lib/python3.8/site-packages/pandas/core/frame.py", line 2889, in to_parquet
[2026-03-10T18:05:01.794+0000] {subprocess.py:93} INFO -     return to_parquet(
[2026-03-10T18:05:01.795+0000] {subprocess.py:93} INFO -   File "/home/***/.local/lib/python3.8/site-packages/pandas/io/parquet.py", line 411, in to_parquet
[2026-03-10T18:05:01.795+0000] {subprocess.py:93} INFO -     impl.write(
[2026-03-10T18:05:01.795+0000] {subprocess.py:93} INFO -   File "/home/***/.local/lib/python3.8/site-packages/pandas/io/parquet.py", line 161, in write
[2026-03-10T18:05:01.795+0000] {subprocess.py:93} INFO -     path_or_handle, handles, kwargs["filesystem"] = _get_path_or_handle(
[2026-03-10T18:05:01.795+0000] {subprocess.py:93} INFO -   File "/home/***/.local/lib/python3.8/site-packages/pandas/io/parquet.py", line 110, in _get_path_or_handle
[2026-03-10T18:05:01.795+0000] {subprocess.py:93} INFO -     handles = get_handle(
[2026-03-10T18:05:01.796+0000] {subprocess.py:93} INFO -   File "/home/***/.local/lib/python3.8/site-packages/pandas/io/common.py", line 868, in get_handle
[2026-03-10T18:05:01.796+0000] {subprocess.py:93} INFO -     handle = open(handle, ioargs.mode)
[2026-03-10T18:05:01.796+0000] {subprocess.py:93} INFO - PermissionError: [Errno 13] Permission denied: '/opt/***/data/raw_actual_20260311_010501.parquet'
[2026-03-10T18:05:01.841+0000] {subprocess.py:97} INFO - Command exited with return code 1
[2026-03-10T18:05:01.849+0000] {taskinstance.py:2728} ERROR - Task failed with exception
Traceback (most recent call last):
  File "/home/airflow/.local/lib/python3.8/site-packages/airflow/models/taskinstance.py", line 444, in _execute_task
    result = _execute_callable(context=context, **execute_callable_kwargs)
  File "/home/airflow/.local/lib/python3.8/site-packages/airflow/models/taskinstance.py", line 414, in _execute_callable
    return execute_callable(context=context, **execute_callable_kwargs)
  File "/home/airflow/.local/lib/python3.8/site-packages/airflow/operators/bash.py", line 212, in execute
    raise AirflowException(
airflow.exceptions.AirflowException: Bash command failed. The command returned a non-zero exit code 1.
[2026-03-10T18:05:01.853+0000] {taskinstance.py:1149} INFO - Marking task as UP_FOR_RETRY. dag_id=2_weather_collect_actual, task_id=collect_actual_data, execution_date=20260310T150500, start_date=20260310T180501, end_date=20260310T180501
[2026-03-10T18:05:01.864+0000] {standard_task_runner.py:107} ERROR - Failed to execute job 40 for task collect_actual_data (Bash command failed. The command returned a non-zero exit code 1.; 258)
[2026-03-10T18:05:01.882+0000] {local_task_job_runner.py:234} INFO - Task exited with return code 1
[2026-03-10T18:05:01.894+0000] {taskinstance.py:3309} INFO - 0 downstream tasks scheduled from follow-on schedule check
