[2026-03-10T15:42:57.573+0000] {taskinstance.py:1979} INFO - Dependencies all met for dep_context=non-requeueable deps ti=<TaskInstance: 3_weather_spark_transform.run_spark_transform scheduled__2026-03-08T16:50:00+00:00 [queued]>
[2026-03-10T15:42:57.591+0000] {taskinstance.py:1979} INFO - Dependencies all met for dep_context=requeueable deps ti=<TaskInstance: 3_weather_spark_transform.run_spark_transform scheduled__2026-03-08T16:50:00+00:00 [queued]>
[2026-03-10T15:42:57.591+0000] {taskinstance.py:2193} INFO - Starting attempt 2 of 3
[2026-03-10T15:42:57.616+0000] {taskinstance.py:2214} INFO - Executing <Task(BashOperator): run_spark_transform> on 2026-03-08 16:50:00+00:00
[2026-03-10T15:42:57.627+0000] {standard_task_runner.py:60} INFO - Started process 603 to run task
[2026-03-10T15:42:57.634+0000] {standard_task_runner.py:87} INFO - Running: ['***', 'tasks', 'run', '3_weather_spark_transform', 'run_spark_transform', 'scheduled__2026-03-08T16:50:00+00:00', '--job-id', '7', '--raw', '--subdir', 'DAGS_FOLDER/weather_forecast_dag.py', '--cfg-path', '/tmp/tmpkmd5wcn4']
[2026-03-10T15:42:57.639+0000] {standard_task_runner.py:88} INFO - Job 7: Subtask run_spark_transform
[2026-03-10T15:42:57.715+0000] {task_command.py:423} INFO - Running <TaskInstance: 3_weather_spark_transform.run_spark_transform scheduled__2026-03-08T16:50:00+00:00 [running]> on host 076553794cf2
[2026-03-10T15:42:57.810+0000] {taskinstance.py:2510} INFO - Exporting env vars: AIRFLOW_CTX_DAG_OWNER='duc1808' AIRFLOW_CTX_DAG_ID='3_weather_spark_transform' AIRFLOW_CTX_TASK_ID='run_spark_transform' AIRFLOW_CTX_EXECUTION_DATE='2026-03-08T16:50:00+00:00' AIRFLOW_CTX_TRY_NUMBER='2' AIRFLOW_CTX_DAG_RUN_ID='scheduled__2026-03-08T16:50:00+00:00'
[2026-03-10T15:42:57.815+0000] {subprocess.py:63} INFO - Tmp dir root location: /tmp
[2026-03-10T15:42:57.816+0000] {subprocess.py:75} INFO - Running command: ['/usr/bin/bash', '-c', 'python3 /home/duc1808/weather_forecast_project/scripts/transform.py']
[2026-03-10T15:42:57.838+0000] {subprocess.py:86} INFO - Output:
[2026-03-10T15:42:57.889+0000] {subprocess.py:93} INFO - python3: can't open file '/home/duc1808/weather_forecast_project/scripts/transform.py': [Errno 2] No such file or directory
[2026-03-10T15:42:57.894+0000] {subprocess.py:97} INFO - Command exited with return code 2
[2026-03-10T15:42:57.912+0000] {taskinstance.py:2728} ERROR - Task failed with exception
Traceback (most recent call last):
  File "/home/airflow/.local/lib/python3.8/site-packages/airflow/models/taskinstance.py", line 444, in _execute_task
    result = _execute_callable(context=context, **execute_callable_kwargs)
  File "/home/airflow/.local/lib/python3.8/site-packages/airflow/models/taskinstance.py", line 414, in _execute_callable
    return execute_callable(context=context, **execute_callable_kwargs)
  File "/home/airflow/.local/lib/python3.8/site-packages/airflow/operators/bash.py", line 212, in execute
    raise AirflowException(
airflow.exceptions.AirflowException: Bash command failed. The command returned a non-zero exit code 2.
[2026-03-10T15:42:57.916+0000] {taskinstance.py:1149} INFO - Marking task as UP_FOR_RETRY. dag_id=3_weather_spark_transform, task_id=run_spark_transform, execution_date=20260308T165000, start_date=20260310T154257, end_date=20260310T154257
[2026-03-10T15:42:57.939+0000] {standard_task_runner.py:107} ERROR - Failed to execute job 7 for task run_spark_transform (Bash command failed. The command returned a non-zero exit code 2.; 603)
[2026-03-10T15:42:57.971+0000] {local_task_job_runner.py:234} INFO - Task exited with return code 1
[2026-03-10T15:42:57.988+0000] {taskinstance.py:3309} INFO - 0 downstream tasks scheduled from follow-on schedule check
