[2026-03-11T06:05:02.525+0000] {taskinstance.py:1979} INFO - Dependencies all met for dep_context=non-requeueable deps ti=<TaskInstance: 2_weather_collect_actual.collect_actual_data scheduled__2026-03-11T03:05:00+00:00 [queued]>
[2026-03-11T06:05:02.543+0000] {taskinstance.py:1979} INFO - Dependencies all met for dep_context=requeueable deps ti=<TaskInstance: 2_weather_collect_actual.collect_actual_data scheduled__2026-03-11T03:05:00+00:00 [queued]>
[2026-03-11T06:05:02.543+0000] {taskinstance.py:2193} INFO - Starting attempt 1 of 3
[2026-03-11T06:05:02.574+0000] {taskinstance.py:2214} INFO - Executing <Task(BashOperator): collect_actual_data> on 2026-03-11 03:05:00+00:00
[2026-03-11T06:05:02.591+0000] {standard_task_runner.py:60} INFO - Started process 11497 to run task
[2026-03-11T06:05:02.604+0000] {standard_task_runner.py:87} INFO - Running: ['***', 'tasks', 'run', '2_weather_collect_actual', 'collect_actual_data', 'scheduled__2026-03-11T03:05:00+00:00', '--job-id', '56', '--raw', '--subdir', 'DAGS_FOLDER/weather_forecast_dag.py', '--cfg-path', '/tmp/tmppuj_fxut']
[2026-03-11T06:05:02.613+0000] {standard_task_runner.py:88} INFO - Job 56: Subtask collect_actual_data
[2026-03-11T06:05:02.691+0000] {task_command.py:423} INFO - Running <TaskInstance: 2_weather_collect_actual.collect_actual_data scheduled__2026-03-11T03:05:00+00:00 [running]> on host 895e1d6fbe1c
[2026-03-11T06:05:02.790+0000] {taskinstance.py:2510} INFO - Exporting env vars: AIRFLOW_CTX_DAG_OWNER='duc1808' AIRFLOW_CTX_DAG_ID='2_weather_collect_actual' AIRFLOW_CTX_TASK_ID='collect_actual_data' AIRFLOW_CTX_EXECUTION_DATE='2026-03-11T03:05:00+00:00' AIRFLOW_CTX_TRY_NUMBER='1' AIRFLOW_CTX_DAG_RUN_ID='scheduled__2026-03-11T03:05:00+00:00'
[2026-03-11T06:05:02.792+0000] {subprocess.py:63} INFO - Tmp dir root location: /tmp
[2026-03-11T06:05:02.793+0000] {subprocess.py:75} INFO - Running command: ['/usr/bin/bash', '-c', 'python3 /opt/***/scripts/collect_actual_data.py']
[2026-03-11T06:05:02.811+0000] {subprocess.py:86} INFO - Output:
[2026-03-11T06:05:03.544+0000] {subprocess.py:93} INFO - Gọi API thời tiết hiện tại cho CITY_ID=1566083
[2026-03-11T06:05:03.545+0000] {subprocess.py:93} INFO - 
[2026-03-11T06:05:03.545+0000] {subprocess.py:93} INFO - Status code: 200
[2026-03-11T06:05:03.545+0000] {subprocess.py:93} INFO -  CityID            DateTime  Temperature  Humidity Description  WindSpeed  WindDirection  CloudRate  RainOneHour             SunRise              SunSet
[2026-03-11T06:05:03.545+0000] {subprocess.py:93} INFO - 1566083 2026-03-11 13:00:00        32.82        54  light rain       2.24             71         20         0.36 2026-03-11 06:03:08 2026-03-11 18:04:02
[2026-03-11T06:05:03.545+0000] {subprocess.py:93} INFO - 
[2026-03-11T06:05:03.546+0000] {subprocess.py:93} INFO - [+] Đã xuất file local tại: /opt/***/data/raw_actual_20260311_130503.parquet
[2026-03-11T06:05:03.606+0000] {subprocess.py:97} INFO - Command exited with return code 0
[2026-03-11T06:05:03.648+0000] {taskinstance.py:1149} INFO - Marking task as SUCCESS. dag_id=2_weather_collect_actual, task_id=collect_actual_data, execution_date=20260311T030500, start_date=20260311T060502, end_date=20260311T060503
[2026-03-11T06:05:03.703+0000] {local_task_job_runner.py:234} INFO - Task exited with return code 0
[2026-03-11T06:05:03.726+0000] {taskinstance.py:3309} INFO - 0 downstream tasks scheduled from follow-on schedule check
