[2026-03-11T18:05:01.001+0000] {taskinstance.py:1979} INFO - Dependencies all met for dep_context=non-requeueable deps ti=<TaskInstance: 2_weather_collect_actual.collect_actual_data scheduled__2026-03-11T15:05:00+00:00 [queued]>
[2026-03-11T18:05:01.006+0000] {taskinstance.py:1979} INFO - Dependencies all met for dep_context=requeueable deps ti=<TaskInstance: 2_weather_collect_actual.collect_actual_data scheduled__2026-03-11T15:05:00+00:00 [queued]>
[2026-03-11T18:05:01.007+0000] {taskinstance.py:2193} INFO - Starting attempt 1 of 3
[2026-03-11T18:05:01.017+0000] {taskinstance.py:2214} INFO - Executing <Task(BashOperator): collect_actual_data> on 2026-03-11 15:05:00+00:00
[2026-03-11T18:05:01.023+0000] {standard_task_runner.py:60} INFO - Started process 22661 to run task
[2026-03-11T18:05:01.027+0000] {standard_task_runner.py:87} INFO - Running: ['***', 'tasks', 'run', '2_weather_collect_actual', 'collect_actual_data', 'scheduled__2026-03-11T15:05:00+00:00', '--job-id', '64', '--raw', '--subdir', 'DAGS_FOLDER/weather_forecast_dag.py', '--cfg-path', '/tmp/tmpk7fz9myi']
[2026-03-11T18:05:01.029+0000] {standard_task_runner.py:88} INFO - Job 64: Subtask collect_actual_data
[2026-03-11T18:05:01.066+0000] {task_command.py:423} INFO - Running <TaskInstance: 2_weather_collect_actual.collect_actual_data scheduled__2026-03-11T15:05:00+00:00 [running]> on host 895e1d6fbe1c
[2026-03-11T18:05:01.125+0000] {taskinstance.py:2510} INFO - Exporting env vars: AIRFLOW_CTX_DAG_OWNER='duc1808' AIRFLOW_CTX_DAG_ID='2_weather_collect_actual' AIRFLOW_CTX_TASK_ID='collect_actual_data' AIRFLOW_CTX_EXECUTION_DATE='2026-03-11T15:05:00+00:00' AIRFLOW_CTX_TRY_NUMBER='1' AIRFLOW_CTX_DAG_RUN_ID='scheduled__2026-03-11T15:05:00+00:00'
[2026-03-11T18:05:01.128+0000] {subprocess.py:63} INFO - Tmp dir root location: /tmp
[2026-03-11T18:05:01.128+0000] {subprocess.py:75} INFO - Running command: ['/usr/bin/bash', '-c', 'python3 /opt/***/scripts/collect_actual_data.py']
[2026-03-11T18:05:01.139+0000] {subprocess.py:86} INFO - Output:
[2026-03-11T18:05:01.862+0000] {subprocess.py:93} INFO - Gọi API thời tiết hiện tại cho CITY_ID=1566083
[2026-03-11T18:05:01.863+0000] {subprocess.py:93} INFO - 
[2026-03-11T18:05:01.863+0000] {subprocess.py:93} INFO - Status code: 200
[2026-03-11T18:05:01.863+0000] {subprocess.py:93} INFO -  CityID            DateTime  Temperature  Humidity   Description  WindSpeed  WindDirection  CloudRate  RainOneHour             SunRise              SunSet
[2026-03-11T18:05:01.863+0000] {subprocess.py:93} INFO - 1566083 2026-03-12 01:00:00        27.26        76 moderate rain       1.03              0         40         1.03 2026-03-12 06:02:33 2026-03-12 18:04:04
[2026-03-11T18:05:01.863+0000] {subprocess.py:93} INFO - 
[2026-03-11T18:05:01.864+0000] {subprocess.py:93} INFO - [+] Đã xuất file local tại: /opt/***/data/raw_actual_20260312_010501.parquet
[2026-03-11T18:05:01.930+0000] {subprocess.py:97} INFO - Command exited with return code 0
[2026-03-11T18:05:01.959+0000] {taskinstance.py:1149} INFO - Marking task as SUCCESS. dag_id=2_weather_collect_actual, task_id=collect_actual_data, execution_date=20260311T150500, start_date=20260311T180501, end_date=20260311T180501
[2026-03-11T18:05:02.002+0000] {local_task_job_runner.py:234} INFO - Task exited with return code 0
[2026-03-11T18:05:02.032+0000] {taskinstance.py:3309} INFO - 0 downstream tasks scheduled from follow-on schedule check
