[2026-03-11T17:05:01.147+0000] {taskinstance.py:1979} INFO - Dependencies all met for dep_context=non-requeueable deps ti=<TaskInstance: 1_weather_collect_forecast.collect_forecast_data scheduled__2026-03-10T17:05:00+00:00 [queued]>
[2026-03-11T17:05:01.152+0000] {taskinstance.py:1979} INFO - Dependencies all met for dep_context=requeueable deps ti=<TaskInstance: 1_weather_collect_forecast.collect_forecast_data scheduled__2026-03-10T17:05:00+00:00 [queued]>
[2026-03-11T17:05:01.152+0000] {taskinstance.py:2193} INFO - Starting attempt 1 of 3
[2026-03-11T17:05:01.162+0000] {taskinstance.py:2214} INFO - Executing <Task(BashOperator): collect_forecast_data> on 2026-03-10 17:05:00+00:00
[2026-03-11T17:05:01.168+0000] {standard_task_runner.py:60} INFO - Started process 21761 to run task
[2026-03-11T17:05:01.172+0000] {standard_task_runner.py:87} INFO - Running: ['***', 'tasks', 'run', '1_weather_collect_forecast', 'collect_forecast_data', 'scheduled__2026-03-10T17:05:00+00:00', '--job-id', '63', '--raw', '--subdir', 'DAGS_FOLDER/weather_forecast_dag.py', '--cfg-path', '/tmp/tmpzaajj0mx']
[2026-03-11T17:05:01.174+0000] {standard_task_runner.py:88} INFO - Job 63: Subtask collect_forecast_data
[2026-03-11T17:05:01.214+0000] {task_command.py:423} INFO - Running <TaskInstance: 1_weather_collect_forecast.collect_forecast_data scheduled__2026-03-10T17:05:00+00:00 [running]> on host 895e1d6fbe1c
[2026-03-11T17:05:01.272+0000] {taskinstance.py:2510} INFO - Exporting env vars: AIRFLOW_CTX_DAG_OWNER='duc1808' AIRFLOW_CTX_DAG_ID='1_weather_collect_forecast' AIRFLOW_CTX_TASK_ID='collect_forecast_data' AIRFLOW_CTX_EXECUTION_DATE='2026-03-10T17:05:00+00:00' AIRFLOW_CTX_TRY_NUMBER='1' AIRFLOW_CTX_DAG_RUN_ID='scheduled__2026-03-10T17:05:00+00:00'
[2026-03-11T17:05:01.274+0000] {subprocess.py:63} INFO - Tmp dir root location: /tmp
[2026-03-11T17:05:01.275+0000] {subprocess.py:75} INFO - Running command: ['/usr/bin/bash', '-c', 'python3 /opt/***/scripts/collect_forecast_data.py']
[2026-03-11T17:05:01.296+0000] {subprocess.py:86} INFO - Output:
[2026-03-11T17:05:03.075+0000] {subprocess.py:93} INFO - Gọi API lấy 40 mốc DỰ BÁO tương lai cho CITY_ID=1566083 lúc 2026-03-12 00:05:02
[2026-03-11T17:05:03.076+0000] {subprocess.py:93} INFO - 
[2026-03-11T17:05:03.076+0000] {subprocess.py:93} INFO - [+] Số mốc dự báo thu thập được: 8
[2026-03-11T17:05:03.076+0000] {subprocess.py:93} INFO - Mẫu 3 dòng đầu (mốc gần nhất 3h, 6h, 9h tới):
[2026-03-11T17:05:03.076+0000] {subprocess.py:93} INFO -  CityID Forecast_Created_Time         Target_Time  Temperature  Humidity      Description  WindSpeed  WindDirection  CloudRate  RainThreeHour
[2026-03-11T17:05:03.076+0000] {subprocess.py:93} INFO - 1566083   2026-03-12 00:05:02 2026-03-12 01:00:00        26.71        76        clear sky       1.70            138          0            0.0
[2026-03-11T17:05:03.077+0000] {subprocess.py:93} INFO - 1566083   2026-03-12 00:05:02 2026-03-12 04:00:00        26.60        74       few clouds       0.90              6         19            0.0
[2026-03-11T17:05:03.077+0000] {subprocess.py:93} INFO - 1566083   2026-03-12 00:05:02 2026-03-12 07:00:00        27.15        68 scattered clouds       2.71              5         35            0.0
[2026-03-11T17:05:03.077+0000] {subprocess.py:93} INFO - 
[2026-03-11T17:05:03.077+0000] {subprocess.py:93} INFO - [+] Đã xuất file local tại: /opt/***/data/raw_forecast_20260312_000502.parquet
[2026-03-11T17:05:03.126+0000] {subprocess.py:97} INFO - Command exited with return code 0
[2026-03-11T17:05:03.154+0000] {taskinstance.py:1149} INFO - Marking task as SUCCESS. dag_id=1_weather_collect_forecast, task_id=collect_forecast_data, execution_date=20260310T170500, start_date=20260311T170501, end_date=20260311T170503
[2026-03-11T17:05:03.201+0000] {local_task_job_runner.py:234} INFO - Task exited with return code 0
[2026-03-11T17:05:03.214+0000] {taskinstance.py:3309} INFO - 0 downstream tasks scheduled from follow-on schedule check
